Analysis & Synthesis report for counter
Mon Oct 24 23:06:30 2022
Quartus Prime Version 18.0.0 Build 614 04/24/2018 SJ Standard Edition


---------------------
; Table of Contents ;
---------------------
  1. Legal Notice
  2. Analysis & Synthesis Summary
  3. Analysis & Synthesis Settings
  4. Parallel Compilation
  5. Analysis & Synthesis Source Files Read
  6. Analysis & Synthesis Resource Usage Summary
  7. Analysis & Synthesis Resource Utilization by Entity
  8. User-Specified and Inferred Latches
  9. General Register Statistics
 10. Post-Synthesis Netlist Statistics for Top Partition
 11. Elapsed Time Per Partition
 12. Analysis & Synthesis Messages



----------------
; Legal Notice ;
----------------
Copyright (C) 2018  Intel Corporation. All rights reserved.
Your use of Intel Corporation's design tools, logic functions 
and other software and tools, and its AMPP partner logic 
functions, and any output files from any of the foregoing 
(including device programming or simulation files), and any 
associated documentation or information are expressly subject 
to the terms and conditions of the Intel Program License 
Subscription Agreement, the Intel Quartus Prime License Agreement,
the Intel FPGA IP License Agreement, or other applicable license
agreement, including, without limitation, that your use is for
the sole purpose of programming logic devices manufactured by
Intel and sold by Intel or its authorized distributors.  Please
refer to the applicable agreement for further details.



+--------------------------------------------------------------------------------------+
; Analysis & Synthesis Summary                                                         ;
+------------------------------------+-------------------------------------------------+
; Analysis & Synthesis Status        ; Successful - Mon Oct 24 23:06:30 2022           ;
; Quartus Prime Version              ; 18.0.0 Build 614 04/24/2018 SJ Standard Edition ;
; Revision Name                      ; counter                                         ;
; Top-level Entity Name              ; counter_reverse4d                               ;
; Family                             ; Cyclone 10 LP                                   ;
; Total logic elements               ; 34                                              ;
;     Total combinational functions  ; 34                                              ;
;     Dedicated logic registers      ; 4                                               ;
; Total registers                    ; 4                                               ;
; Total pins                         ; 8                                               ;
; Total virtual pins                 ; 0                                               ;
; Total memory bits                  ; 0                                               ;
; Embedded Multiplier 9-bit elements ; 0                                               ;
; Total PLLs                         ; 0                                               ;
+------------------------------------+-------------------------------------------------+


+------------------------------------------------------------------------------------------------------------+
; Analysis & Synthesis Settings                                                                              ;
+------------------------------------------------------------------+--------------------+--------------------+
; Option                                                           ; Setting            ; Default Value      ;
+------------------------------------------------------------------+--------------------+--------------------+
; Top-level entity name                                            ; counter_reverse4d  ; counter            ;
; Family name                                                      ; Cyclone 10 LP      ; Cyclone V          ;
; Use smart compilation                                            ; Off                ; Off                ;
; Enable parallel Assembler and Timing Analyzer during compilation ; On                 ; On                 ;
; Enable compact report table                                      ; Off                ; Off                ;
; Restructure Multiplexers                                         ; Auto               ; Auto               ;
; Create Debugging Nodes for IP Cores                              ; Off                ; Off                ;
; Preserve fewer node names                                        ; On                 ; On                 ;
; Intel FPGA IP Evaluation Mode                                    ; Enable             ; Enable             ;
; Verilog Version                                                  ; Verilog_2001       ; Verilog_2001       ;
; VHDL Version                                                     ; VHDL_1993          ; VHDL_1993          ;
; State Machine Processing                                         ; Auto               ; Auto               ;
; Safe State Machine                                               ; Off                ; Off                ;
; Extract Verilog State Machines                                   ; On                 ; On                 ;
; Extract VHDL State Machines                                      ; On                 ; On                 ;
; Ignore Verilog initial constructs                                ; Off                ; Off                ;
; Iteration limit for constant Verilog loops                       ; 5000               ; 5000               ;
; Iteration limit for non-constant Verilog loops                   ; 250                ; 250                ;
; Add Pass-Through Logic to Inferred RAMs                          ; On                 ; On                 ;
; Infer RAMs from Raw Logic                                        ; On                 ; On                 ;
; Parallel Synthesis                                               ; On                 ; On                 ;
; DSP Block Balancing                                              ; Auto               ; Auto               ;
; NOT Gate Push-Back                                               ; On                 ; On                 ;
; Power-Up Don't Care                                              ; On                 ; On                 ;
; Remove Redundant Logic Cells                                     ; Off                ; Off                ;
; Remove Duplicate Registers                                       ; On                 ; On                 ;
; Ignore CARRY Buffers                                             ; Off                ; Off                ;
; Ignore CASCADE Buffers                                           ; Off                ; Off                ;
; Ignore GLOBAL Buffers                                            ; Off                ; Off                ;
; Ignore ROW GLOBAL Buffers                                        ; Off                ; Off                ;
; Ignore LCELL Buffers                                             ; Off                ; Off                ;
; Ignore SOFT Buffers                                              ; On                 ; On                 ;
; Limit AHDL Integers to 32 Bits                                   ; Off                ; Off                ;
; Optimization Technique                                           ; Balanced           ; Balanced           ;
; Carry Chain Length                                               ; 70                 ; 70                 ;
; Auto Carry Chains                                                ; On                 ; On                 ;
; Auto Open-Drain Pins                                             ; On                 ; On                 ;
; Perform WYSIWYG Primitive Resynthesis                            ; Off                ; Off                ;
; Auto ROM Replacement                                             ; On                 ; On                 ;
; Auto RAM Replacement                                             ; On                 ; On                 ;
; Auto DSP Block Replacement                                       ; On                 ; On                 ;
; Auto Shift Register Replacement                                  ; Auto               ; Auto               ;
; Allow Shift Register Merging across Hierarchies                  ; Auto               ; Auto               ;
; Auto Clock Enable Replacement                                    ; On                 ; On                 ;
; Strict RAM Replacement                                           ; Off                ; Off                ;
; Allow Synchronous Control Signals                                ; On                 ; On                 ;
; Force Use of Synchronous Clear Signals                           ; Off                ; Off                ;
; Auto RAM Block Balancing                                         ; On                 ; On                 ;
; Auto RAM to Logic Cell Conversion                                ; Off                ; Off                ;
; Auto Resource Sharing                                            ; Off                ; Off                ;
; Allow Any RAM Size For Recognition                               ; Off                ; Off                ;
; Allow Any ROM Size For Recognition                               ; Off                ; Off                ;
; Allow Any Shift Register Size For Recognition                    ; Off                ; Off                ;
; Use LogicLock Constraints during Resource Balancing              ; On                 ; On                 ;
; Ignore translate_off and synthesis_off directives                ; Off                ; Off                ;
; Timing-Driven Synthesis                                          ; On                 ; On                 ;
; Report Parameter Settings                                        ; On                 ; On                 ;
; Report Source Assignments                                        ; On                 ; On                 ;
; Report Connectivity Checks                                       ; On                 ; On                 ;
; Ignore Maximum Fan-Out Assignments                               ; Off                ; Off                ;
; Synchronization Register Chain Length                            ; 2                  ; 2                  ;
; Power Optimization During Synthesis                              ; Normal compilation ; Normal compilation ;
; HDL message level                                                ; Level2             ; Level2             ;
; Suppress Register Optimization Related Messages                  ; Off                ; Off                ;
; Number of Removed Registers Reported in Synthesis Report         ; 5000               ; 5000               ;
; Number of Swept Nodes Reported in Synthesis Report               ; 5000               ; 5000               ;
; Number of Inverted Registers Reported in Synthesis Report        ; 100                ; 100                ;
; Clock MUX Protection                                             ; On                 ; On                 ;
; Auto Gated Clock Conversion                                      ; Off                ; Off                ;
; Block Design Naming                                              ; Auto               ; Auto               ;
; SDC constraint protection                                        ; Off                ; Off                ;
; Synthesis Effort                                                 ; Auto               ; Auto               ;
; Shift Register Replacement - Allow Asynchronous Clear Signal     ; On                 ; On                 ;
; Pre-Mapping Resynthesis Optimization                             ; Off                ; Off                ;
; Analysis & Synthesis Message Level                               ; Medium             ; Medium             ;
; Disable Register Merging Across Hierarchies                      ; Auto               ; Auto               ;
; Resource Aware Inference For Block RAM                           ; On                 ; On                 ;
+------------------------------------------------------------------+--------------------+--------------------+


+------------------------------------------+
; Parallel Compilation                     ;
+----------------------------+-------------+
; Processors                 ; Number      ;
+----------------------------+-------------+
; Number detected on machine ; 8           ;
; Maximum allowed            ; 8           ;
;                            ;             ;
; Average used               ; 1.00        ;
; Maximum used               ; 8           ;
;                            ;             ;
; Usage by Processor         ; % Time Used ;
;     Processor 1            ; 100.0%      ;
;     Processors 2-8         ;   0.0%      ;
+----------------------------+-------------+


+--------------------------------------------------------------------------------------------------------------------------------------+
; Analysis & Synthesis Source Files Read                                                                                               ;
+----------------------------------+-----------------+-----------------+-----------------------------------------------------+---------+
; File Name with User-Entered Path ; Used in Netlist ; File Type       ; File Name with Absolute Path                        ; Library ;
+----------------------------------+-----------------+-----------------+-----------------------------------------------------+---------+
; T_trig.vhd                       ; yes             ; User VHDL File  ; C:/intelFPGA/projects/counter/T_trig.vhd            ;         ;
; counter_reverse4d.vhd            ; yes             ; User VHDL File  ; C:/intelFPGA/projects/counter/counter_reverse4d.vhd ;         ;
+----------------------------------+-----------------+-----------------+-----------------------------------------------------+---------+


+---------------------------------------------------------------------------+
; Analysis & Synthesis Resource Usage Summary                               ;
+---------------------------------------------+-----------------------------+
; Resource                                    ; Usage                       ;
+---------------------------------------------+-----------------------------+
; Estimated Total logic elements              ; 34                          ;
;                                             ;                             ;
; Total combinational functions               ; 34                          ;
; Logic element usage by number of LUT inputs ;                             ;
;     -- 4 input functions                    ; 7                           ;
;     -- 3 input functions                    ; 15                          ;
;     -- <=2 input functions                  ; 12                          ;
;                                             ;                             ;
; Logic elements by mode                      ;                             ;
;     -- normal mode                          ; 34                          ;
;     -- arithmetic mode                      ; 0                           ;
;                                             ;                             ;
; Total registers                             ; 4                           ;
;     -- Dedicated logic registers            ; 4                           ;
;     -- I/O registers                        ; 0                           ;
;                                             ;                             ;
; I/O pins                                    ; 8                           ;
;                                             ;                             ;
; Embedded Multiplier 9-bit elements          ; 0                           ;
;                                             ;                             ;
; Maximum fan-out node                        ; T_trig:T_trig_1|inner_value ;
; Maximum fan-out                             ; 8                           ;
; Total fan-out                               ; 118                         ;
; Average fan-out                             ; 2.19                        ;
+---------------------------------------------+-----------------------------+


+-------------------------------------------------------------------------------------------------------------------------------------------------------------------------------------------------------------------------------+
; Analysis & Synthesis Resource Utilization by Entity                                                                                                                                                                           ;
+----------------------------+---------------------+---------------------------+-------------+--------------+---------+-----------+------+--------------+------------------------------------+-------------------+--------------+
; Compilation Hierarchy Node ; Combinational ALUTs ; Dedicated Logic Registers ; Memory Bits ; DSP Elements ; DSP 9x9 ; DSP 18x18 ; Pins ; Virtual Pins ; Full Hierarchy Name                ; Entity Name       ; Library Name ;
+----------------------------+---------------------+---------------------------+-------------+--------------+---------+-----------+------+--------------+------------------------------------+-------------------+--------------+
; |counter_reverse4d         ; 34 (30)             ; 4 (0)                     ; 0           ; 0            ; 0       ; 0         ; 8    ; 0            ; |counter_reverse4d                 ; counter_reverse4d ; work         ;
;    |T_trig:T_trig_0|       ; 1 (1)               ; 1 (1)                     ; 0           ; 0            ; 0       ; 0         ; 0    ; 0            ; |counter_reverse4d|T_trig:T_trig_0 ; T_trig            ; work         ;
;    |T_trig:T_trig_1|       ; 1 (1)               ; 1 (1)                     ; 0           ; 0            ; 0       ; 0         ; 0    ; 0            ; |counter_reverse4d|T_trig:T_trig_1 ; T_trig            ; work         ;
;    |T_trig:T_trig_2|       ; 1 (1)               ; 1 (1)                     ; 0           ; 0            ; 0       ; 0         ; 0    ; 0            ; |counter_reverse4d|T_trig:T_trig_2 ; T_trig            ; work         ;
;    |T_trig:T_trig_3|       ; 1 (1)               ; 1 (1)                     ; 0           ; 0            ; 0       ; 0         ; 0    ; 0            ; |counter_reverse4d|T_trig:T_trig_3 ; T_trig            ; work         ;
+----------------------------+---------------------+---------------------------+-------------+--------------+---------+-----------+------+--------------+------------------------------------+-------------------+--------------+
Note: For table entries with two numbers listed, the numbers in parentheses indicate the number of resources of the given type used by the specific entity alone. The numbers listed outside of parentheses indicate the total resources of the given type used by the specific entity and all of its sub-entities in the hierarchy.


+----------------------------------------------------------------------------------------------------+
; User-Specified and Inferred Latches                                                                ;
+-----------------------------------------------------+---------------------+------------------------+
; Latch Name                                          ; Latch Enable Signal ; Free of Timing Hazards ;
+-----------------------------------------------------+---------------------+------------------------+
; ands_minus[0]                                       ; process_1           ; yes                    ;
; ands_plus[0]                                        ; process_0           ; yes                    ;
; ands_minus[1]                                       ; process_1           ; yes                    ;
; ands_plus[1]                                        ; process_0           ; yes                    ;
; ands_minus[2]                                       ; process_1           ; yes                    ;
; ands_plus[2]                                        ; process_0           ; yes                    ;
; ands_minus[3]                                       ; process_1           ; yes                    ;
; ands_plus[3]                                        ; process_0           ; yes                    ;
; previous_decrement                                  ; process_1           ; yes                    ;
; previous_increment                                  ; process_0           ; yes                    ;
; Number of user-specified and inferred latches = 10  ;                     ;                        ;
+-----------------------------------------------------+---------------------+------------------------+
Note: All latches listed above may not be present at the end of synthesis due to various synthesis optimizations.


+------------------------------------------------------+
; General Register Statistics                          ;
+----------------------------------------------+-------+
; Statistic                                    ; Value ;
+----------------------------------------------+-------+
; Total registers                              ; 4     ;
; Number of registers using Synchronous Clear  ; 0     ;
; Number of registers using Synchronous Load   ; 0     ;
; Number of registers using Asynchronous Clear ; 4     ;
; Number of registers using Asynchronous Load  ; 0     ;
; Number of registers using Clock Enable       ; 0     ;
; Number of registers using Preset             ; 0     ;
+----------------------------------------------+-------+


+-----------------------------------------------------+
; Post-Synthesis Netlist Statistics for Top Partition ;
+-----------------------+-----------------------------+
; Type                  ; Count                       ;
+-----------------------+-----------------------------+
; boundary_port         ; 8                           ;
; cycloneiii_ff         ; 4                           ;
;     CLR               ; 4                           ;
; cycloneiii_lcell_comb ; 34                          ;
;     normal            ; 34                          ;
;         1 data inputs ; 4                           ;
;         2 data inputs ; 8                           ;
;         3 data inputs ; 15                          ;
;         4 data inputs ; 7                           ;
;                       ;                             ;
; Max LUT depth         ; 4.00                        ;
; Average LUT depth     ; 2.38                        ;
+-----------------------+-----------------------------+


+-------------------------------+
; Elapsed Time Per Partition    ;
+----------------+--------------+
; Partition Name ; Elapsed Time ;
+----------------+--------------+
; Top            ; 00:00:00     ;
+----------------+--------------+


+-------------------------------+
; Analysis & Synthesis Messages ;
+-------------------------------+
Info: *******************************************************************
Info: Running Quartus Prime Analysis & Synthesis
    Info: Version 18.0.0 Build 614 04/24/2018 SJ Standard Edition
    Info: Processing started: Mon Oct 24 23:06:09 2022
Info: Command: quartus_map --read_settings_files=on --write_settings_files=off counter -c counter
Warning (18236): Number of processors has not been specified which may cause overloading on shared machines.  Set the global assignment NUM_PARALLEL_PROCESSORS in your QSF to an appropriate value for best performance.
Info (20030): Parallel compilation is enabled and will use 8 of the 8 processors detected
Info (12021): Found 2 design units, including 1 entities, in source file t_trig.vhd
    Info (12022): Found design unit 1: T_trig-rtl File: C:/intelFPGA/projects/counter/T_trig.vhd Line: 14
    Info (12023): Found entity 1: T_trig File: C:/intelFPGA/projects/counter/T_trig.vhd Line: 4
Info (12021): Found 2 design units, including 1 entities, in source file counter_reverse4d_tb.vhd
    Info (12022): Found design unit 1: counter_reverse4d_tb-sim File: C:/intelFPGA/projects/counter/counter_reverse4d_tb.vhd Line: 7
    Info (12023): Found entity 1: counter_reverse4d_tb File: C:/intelFPGA/projects/counter/counter_reverse4d_tb.vhd Line: 4
Info (12021): Found 2 design units, including 1 entities, in source file counter_reverse4d.vhd
    Info (12022): Found design unit 1: counter_reverse4d-rtl File: C:/intelFPGA/projects/counter/counter_reverse4d.vhd Line: 15
    Info (12023): Found entity 1: counter_reverse4d File: C:/intelFPGA/projects/counter/counter_reverse4d.vhd Line: 4
Info (12127): Elaborating entity "counter_reverse4d" for the top level hierarchy
Warning (10631): VHDL Process Statement warning at counter_reverse4d.vhd(92): inferring latch(es) for signal or variable "ands_plus", which holds its previous value in one or more paths through the process File: C:/intelFPGA/projects/counter/counter_reverse4d.vhd Line: 92
Warning (10631): VHDL Process Statement warning at counter_reverse4d.vhd(92): inferring latch(es) for signal or variable "previous_increment", which holds its previous value in one or more paths through the process File: C:/intelFPGA/projects/counter/counter_reverse4d.vhd Line: 92
Warning (10631): VHDL Process Statement warning at counter_reverse4d.vhd(104): inferring latch(es) for signal or variable "ands_minus", which holds its previous value in one or more paths through the process File: C:/intelFPGA/projects/counter/counter_reverse4d.vhd Line: 104
Warning (10631): VHDL Process Statement warning at counter_reverse4d.vhd(104): inferring latch(es) for signal or variable "previous_decrement", which holds its previous value in one or more paths through the process File: C:/intelFPGA/projects/counter/counter_reverse4d.vhd Line: 104
Info (10041): Inferred latch for "previous_decrement" at counter_reverse4d.vhd(104) File: C:/intelFPGA/projects/counter/counter_reverse4d.vhd Line: 104
Info (10041): Inferred latch for "ands_minus[0]" at counter_reverse4d.vhd(104) File: C:/intelFPGA/projects/counter/counter_reverse4d.vhd Line: 104
Info (10041): Inferred latch for "ands_minus[1]" at counter_reverse4d.vhd(104) File: C:/intelFPGA/projects/counter/counter_reverse4d.vhd Line: 104
Info (10041): Inferred latch for "ands_minus[2]" at counter_reverse4d.vhd(104) File: C:/intelFPGA/projects/counter/counter_reverse4d.vhd Line: 104
Info (10041): Inferred latch for "ands_minus[3]" at counter_reverse4d.vhd(104) File: C:/intelFPGA/projects/counter/counter_reverse4d.vhd Line: 104
Info (10041): Inferred latch for "previous_increment" at counter_reverse4d.vhd(92) File: C:/intelFPGA/projects/counter/counter_reverse4d.vhd Line: 92
Info (10041): Inferred latch for "ands_plus[0]" at counter_reverse4d.vhd(92) File: C:/intelFPGA/projects/counter/counter_reverse4d.vhd Line: 92
Info (10041): Inferred latch for "ands_plus[1]" at counter_reverse4d.vhd(92) File: C:/intelFPGA/projects/counter/counter_reverse4d.vhd Line: 92
Info (10041): Inferred latch for "ands_plus[2]" at counter_reverse4d.vhd(92) File: C:/intelFPGA/projects/counter/counter_reverse4d.vhd Line: 92
Info (10041): Inferred latch for "ands_plus[3]" at counter_reverse4d.vhd(92) File: C:/intelFPGA/projects/counter/counter_reverse4d.vhd Line: 92
Info (12128): Elaborating entity "T_trig" for hierarchy "T_trig:T_trig_0" File: C:/intelFPGA/projects/counter/counter_reverse4d.vhd Line: 60
Warning (13012): Latch ands_minus[0] has unsafe behavior File: C:/intelFPGA/projects/counter/counter_reverse4d.vhd Line: 104
    Warning (13013): Ports D and ENA on the latch are fed by the same signal clock File: C:/intelFPGA/projects/counter/counter_reverse4d.vhd Line: 7
Warning (13012): Latch ands_plus[0] has unsafe behavior File: C:/intelFPGA/projects/counter/counter_reverse4d.vhd Line: 92
    Warning (13013): Ports D and ENA on the latch are fed by the same signal clock File: C:/intelFPGA/projects/counter/counter_reverse4d.vhd Line: 7
Warning (13012): Latch ands_minus[1] has unsafe behavior File: C:/intelFPGA/projects/counter/counter_reverse4d.vhd Line: 104
    Warning (13013): Ports D and ENA on the latch are fed by the same signal decrement File: C:/intelFPGA/projects/counter/counter_reverse4d.vhd Line: 38
Warning (13012): Latch ands_plus[1] has unsafe behavior File: C:/intelFPGA/projects/counter/counter_reverse4d.vhd Line: 92
    Warning (13013): Ports D and ENA on the latch are fed by the same signal increment File: C:/intelFPGA/projects/counter/counter_reverse4d.vhd Line: 37
Warning (13012): Latch ands_minus[2] has unsafe behavior File: C:/intelFPGA/projects/counter/counter_reverse4d.vhd Line: 104
    Warning (13013): Ports D and ENA on the latch are fed by the same signal decrement File: C:/intelFPGA/projects/counter/counter_reverse4d.vhd Line: 38
Warning (13012): Latch ands_plus[2] has unsafe behavior File: C:/intelFPGA/projects/counter/counter_reverse4d.vhd Line: 92
    Warning (13013): Ports D and ENA on the latch are fed by the same signal increment File: C:/intelFPGA/projects/counter/counter_reverse4d.vhd Line: 37
Warning (13012): Latch ands_minus[3] has unsafe behavior File: C:/intelFPGA/projects/counter/counter_reverse4d.vhd Line: 104
    Warning (13013): Ports D and ENA on the latch are fed by the same signal decrement File: C:/intelFPGA/projects/counter/counter_reverse4d.vhd Line: 38
Warning (13012): Latch ands_plus[3] has unsafe behavior File: C:/intelFPGA/projects/counter/counter_reverse4d.vhd Line: 92
    Warning (13013): Ports D and ENA on the latch are fed by the same signal increment File: C:/intelFPGA/projects/counter/counter_reverse4d.vhd Line: 37
Warning (13012): Latch previous_decrement has unsafe behavior File: C:/intelFPGA/projects/counter/counter_reverse4d.vhd Line: 41
    Warning (13013): Ports D and ENA on the latch are fed by the same signal decrement File: C:/intelFPGA/projects/counter/counter_reverse4d.vhd Line: 38
Warning (13012): Latch previous_increment has unsafe behavior File: C:/intelFPGA/projects/counter/counter_reverse4d.vhd Line: 40
    Warning (13013): Ports D and ENA on the latch are fed by the same signal increment File: C:/intelFPGA/projects/counter/counter_reverse4d.vhd Line: 37
Info (286030): Timing-Driven Synthesis is running
Info (16010): Generating hard_block partition "hard_block:auto_generated_inst"
    Info (16011): Adding 0 node(s), including 0 DDIO, 0 PLL, 0 transceiver and 0 LCELL
Info (21057): Implemented 42 device resources after synthesis - the final resource count might be different
    Info (21058): Implemented 3 input pins
    Info (21059): Implemented 5 output pins
    Info (21061): Implemented 34 logic cells
Info: Quartus Prime Analysis & Synthesis was successful. 0 errors, 25 warnings
    Info: Peak virtual memory: 4816 megabytes
    Info: Processing ended: Mon Oct 24 23:06:30 2022
    Info: Elapsed time: 00:00:21
    Info: Total CPU time (on all processors): 00:00:44


